Removed Pin From Net: NetName=RJ45 RX+ Pin=P24-1
Removed Pin From Net: NetName=RJ45 RX- Pin=P24-2
Removed Pin From Net: NetName=RJ45 TX+ Pin=P24-3
Removed Pin From Net: NetName=RJ45 TX- Pin=P24-4
Added Component: Designator=C5(CAP-50V/470U)
Added Component: Designator=J3(HT-M3)
Added Component: Designator=J11(HT-M3)
Added Component: Designator=P14(DS1X2-2.54)
Added Pin To Net: NetName=+PWR_S Pin=C5-1
Added Pin To Net: NetName=SGND Pin=C5-2
Added Pin To Net: NetName=CAN1H Pin=P14-1
Added Pin To Net: NetName=CAN1L Pin=P14-2
Added Pin To Net: NetName=RJ45 TX+ Pin=P24-1
Added Pin To Net: NetName=RJ45 TX- Pin=P24-2
Added Pin To Net: NetName=RJ45 RX+ Pin=P24-3
Added Pin To Net: NetName=RJ45 RX- Pin=P24-4
Added Member To Class: ClassName=PowerManager Member=Component C5 470uF/50V
Added Member To Class: ClassName=FrameWork Member=Component J3 Socket
Added Member To Class: ClassName=FrameWork Member=Component J11 Socket
Added Member To Class: ClassName=OmapSystem Member=Component P14 备用CAN接口
