Removed Pin From Net: NetName=KEYSWIN_A3 Pin=U5-1
Removed Pin From Net: NetName=KEYSWIN_A4 Pin=U5-2
Removed Pin From Net: NetName=KEYSWIN_A5 Pin=U5-3
Removed Pin From Net: NetName=KEYSWIN_A6 Pin=U5-4
Removed Pin From Net: NetName=KEYSWIN_A7 Pin=U5-5
Removed Pin From Net: NetName=KEYSWIN_A8 Pin=U5-38
Removed Pin From Net: NetName=KEYSWIN_B1 Pin=U5-39
Removed Pin From Net: NetName=KEYSWIN_B2 Pin=U5-40
Removed Pin From Net: NetName=KEYSWIN_B3 Pin=U5-41
Removed Pin From Net: NetName=KEYSWIN_B4 Pin=U5-42
Removed Pin From Net: NetName=KEYSWIN_B5 Pin=U5-43
Removed Pin From Net: NetName=KEYSWIN_B6 Pin=U5-44
Removed Pin From Net: NetName=KEYSWIN_B7 Pin=U5-45
Removed Pin From Net: NetName=KEYSWIN_B8 Pin=U5-46
Removed Pin From Net: NetName=KEYSWIN_H1 Pin=U5-58
Removed Pin From Net: NetName=KEYSWIN_H2 Pin=U5-59
Removed Pin From Net: NetName=KEYSWIN_H3 Pin=U5-60
Removed Pin From Net: NetName=KEYSWIN_H4 Pin=U5-61
Removed Pin From Net: NetName=KEYSWIN_H5 Pin=U5-62
Removed Pin From Net: NetName=KEYSWIN_FD Pin=U5-67
Removed Pin From Net: NetName=KEYSWIN_A1 Pin=U5-97
Removed Pin From Net: NetName=KEYSWIN_A2 Pin=U5-98
Added Pin To Net: NetName=KEYSWIN_H1 Pin=U5-34
Added Pin To Net: NetName=KEYSWIN_H2 Pin=U5-35
Added Pin To Net: NetName=KEYSWIN_H3 Pin=U5-36
Added Pin To Net: NetName=KEYSWIN_H4 Pin=U5-39
Added Pin To Net: NetName=KEYSWIN_H5 Pin=U5-40
