Removed Pin From Net: NetName=SGND Pin=D45-1
Removed Pin From Net: NetName=KJ_M2 Pin=D45-2
Removed Pin From Net: NetName=SGND Pin=D46-1
Removed Pin From Net: NetName=KJ_G1 Pin=D46-2
Removed Pin From Net: NetName=SGND Pin=D47-1
Removed Pin From Net: NetName=KJ_M3 Pin=D47-2
Removed Pin From Net: NetName=SGND Pin=D48-1
Removed Pin From Net: NetName=KJ_G2 Pin=D48-2
Removed Pin From Net: NetName=SGND Pin=D49-1
Removed Pin From Net: NetName=KJ_M4 Pin=D49-2
Removed Pin From Net: NetName=KJ_M2 Pin=R87-2
Removed Pin From Net: NetName=KJ_G1 Pin=R88-2
Removed Pin From Net: NetName=KJ_M3 Pin=R91-2
Removed Pin From Net: NetName=KJ_G2 Pin=R92-2
Removed Pin From Net: NetName=KJ_M4 Pin=R94-2
Removed Member From Class: ClassName=KeyInput_MG Member=D45
Removed Member From Class: ClassName=KeyInput_MG Member=D46
Removed Member From Class: ClassName=KeyInput_MG Member=D47
Removed Member From Class: ClassName=KeyInput_MG Member=D48
Removed Member From Class: ClassName=KeyInput_MG Member=D49
Removed Member From Class: ClassName=KeyInput_MG Member=R87
Removed Member From Class: ClassName=KeyInput_MG Member=R88
Removed Member From Class: ClassName=KeyInput_MG Member=R91
Removed Member From Class: ClassName=KeyInput_MG Member=R92
Removed Member From Class: ClassName=KeyInput_MG Member=R94
Added Pin To Net: NetName=KJ_M2 Pin=C62-1
Added Pin To Net: NetName=KJ_G1 Pin=C63-1
Added Pin To Net: NetName=KJ_M3 Pin=C64-1
Added Pin To Net: NetName=KJ_G2 Pin=C65-1
Added Pin To Net: NetName=KJ_M4 Pin=C66-1
Added Pin To Net: NetName=KJ_M4 Pin=U5-1
Added Pin To Net: NetName=KJ_G1 Pin=U5-63
Added Pin To Net: NetName=KJ_G2 Pin=U5-64
Added Pin To Net: NetName=KJ_M2 Pin=U5-97
Added Pin To Net: NetName=KJ_M3 Pin=U5-98
