Removed Member From Class: ClassName=KeyInput_MG Member=C68
Removed Member From Class: ClassName=KeyInput_MG Member=C70
Change Component Footprint: Designator=C5 Old Footprint=C0603-S New Footprint=C0805
Change Component Footprint: Designator=C12 Old Footprint=C0603-S New Footprint=C0805
Change Component Footprint: Designator=C15 Old Footprint=C0603-S New Footprint=C0805
Change Component Footprint: Designator=C16 Old Footprint=C0603-S New Footprint=C0805
Change Component Footprint: Designator=C17 Old Footprint=C0603-S New Footprint=C0805
Change Component Footprint: Designator=C18 Old Footprint=C0603-S New Footprint=C0805
Change Component Footprint: Designator=C21 Old Footprint=C0603-S New Footprint=C0805
Change Component Footprint: Designator=C22 Old Footprint=C0603-S New Footprint=C0805
Change Component Footprint: Designator=R9 Old Footprint=R0805-S New Footprint=R0805
Change Component Footprint: Designator=R10 Old Footprint=R0805-S New Footprint=R0805
Change Component Footprint: Designator=R11 Old Footprint=R0805-S New Footprint=R0805
Change Component Footprint: Designator=R12 Old Footprint=R0805-S New Footprint=R0805
Change Component Footprint: Designator=R20 Old Footprint=R0805-S New Footprint=R0805
Change Component Footprint: Designator=R21 Old Footprint=R0805-S New Footprint=R0805
Change Component Footprint: Designator=R22 Old Footprint=R0805-S New Footprint=R0805
Change Component Footprint: Designator=R27 Old Footprint=R0805-S New Footprint=R0805
Change Component Footprint: Designator=R28 Old Footprint=R0805-S New Footprint=R0805
Added Pin To Net: NetName=KEYSWIN_I1 Pin=R59-1
Added Pin To Net: NetName=+3.3V_S Pin=R59-2
Added Pin To Net: NetName=KEYSWIN_I2 Pin=R65-1
Added Pin To Net: NetName=+3.3V_S Pin=R65-2
Added Pin To Net: NetName=KEYSWIN_J1 Pin=R71-1
Added Pin To Net: NetName=+3.3V_S Pin=R71-2
Added Pin To Net: NetName=KEYSWIN_J2 Pin=R77-1
Added Pin To Net: NetName=+3.3V_S Pin=R77-2
Added Member To Class: ClassName=KeyInput_IJMEF Member=Component C8 100pF
Added Member To Class: ClassName=KeyInput_MG Member=Component C50 100pF
Added Member To Class: ClassName=KeyInput_IJMEF Member=Component C53 100pF
Added Member To Class: ClassName=KeyInput_MG Member=Component C56 100pF
Added Member To Class: ClassName=KeyInput_MG Member=Component C59 100pF
