Change Component Designator: Old Designator=C5 New Designator=C10
Change Component Designator: Old Designator=C56 New Designator=C12
Change Component Designator: Old Designator=C57 New Designator=C5
Change Component Designator: Old Designator=C? New Designator=C14
Change Component Designator: Old Designator=C? New Designator=C15
Change Component Designator: Old Designator=C? New Designator=C16
Change Component Designator: Old Designator=C? New Designator=C17
Change Component Designator: Old Designator=C? New Designator=C18
Change Component Designator: Old Designator=D1 New Designator=D4
Change Component Designator: Old Designator=D4 New Designator=D1
Change Component Designator: Old Designator=D6 New Designator=D2
Change Component Designator: Old Designator=D11 New Designator=D3
Change Component Designator: Old Designator=F3 New Designator=F2
Change Component Designator: Old Designator=K? New Designator=K1
Change Component Designator: Old Designator=Q6 New Designator=Q4
Change Component Designator: Old Designator=Q9 New Designator=Q5
Change Component Designator: Old Designator=Q10 New Designator=Q3
Change Component Designator: Old Designator=R12 New Designator=R18
Change Component Designator: Old Designator=R13 New Designator=R19
Change Component Designator: Old Designator=R26 New Designator=R12
Change Component Designator: Old Designator=R29 New Designator=R9
Change Component Designator: Old Designator=R55 New Designator=R11
Change Component Designator: Old Designator=R56 New Designator=R10
Change Component Designator: Old Designator=R? New Designator=R21
Change Component Designator: Old Designator=R? New Designator=R22
Change Component Designator: Old Designator=R? New Designator=R27
Change Component Designator: Old Designator=R? New Designator=R28
