Removed Pin From Net: NetName=VDD1V8_EXT Pin=C102-1
Removed Pin From Net: NetName=GND Pin=C102-2
Removed Pin From Net: NetName=VDD1V8_EXT Pin=C103-1
Removed Pin From Net: NetName=GND Pin=C103-2
Removed Pin From Net: NetName=VSYS Pin=C104-1
Removed Pin From Net: NetName=GND Pin=C104-2
Removed Pin From Net: NetName=DC33V Pin=C105-1
Removed Pin From Net: NetName=GND Pin=C105-2
Removed Pin From Net: NetName=GND Pin=C151-2
Removed Pin From Net: NetName=VDD1V8_EXT Pin=R150-1
Removed Pin From Net: NetName=GND Pin=U28-2
Removed Pin From Net: NetName=VDD1V8_EXT Pin=U28-3
Removed Pin From Net: NetName=I2C_SDA0 Pin=U28-4
Removed Pin From Net: NetName=I2C_SCL0 Pin=U28-5
Removed Pin From Net: NetName=HDMI_IIC_EN Pin=U28-6
Removed Pin From Net: NetName=VSYS Pin=U28-7
Removed Pin From Net: NetName=GND Pin=U29-2
Removed Pin From Net: NetName=VDD1V8_EXT Pin=U29-3
Removed Pin From Net: NetName=TP1_INT Pin=U29-4
Removed Pin From Net: NetName=XEINT30/HDMI_CEC/ALV_DBG26 Pin=U29-5
Removed Pin From Net: NetName=DC33V Pin=U29-7
