Removed Pin From Net: NetName=VSYS_LCD Pin=C152-1
Removed Pin From Net: NetName=GND Pin=C152-2
Removed Pin From Net: NetName=VSYS_LCD Pin=C153-1
Removed Pin From Net: NetName=GND Pin=C153-2
Removed Pin From Net: NetName=VSYS_LCD Pin=CN1-1
Removed Pin From Net: NetName=VSYS_LCD Pin=CN1-2
Removed Pin From Net: NetName=VSYS_LCD Pin=CN1-3
Removed Pin From Net: NetName=VSYS_LCD Pin=CN1-4
Removed Pin From Net: NetName=VSYS_LCD Pin=CN1-5
Removed Pin From Net: NetName=GND Pin=CN1-6
Removed Pin From Net: NetName=GND Pin=CN1-11
Removed Pin From Net: NetName=GND Pin=CN1-20
Removed Pin From Net: NetName=LCD_DEN Pin=CN1-25
Removed Pin From Net: NetName=LCD_VSYNC Pin=CN1-26
Removed Pin From Net: NetName=GND Pin=CN1-27
Removed Pin From Net: NetName=LCD_VOTCLK Pin=CN1-28
Removed Pin From Net: NetName=GND Pin=CN1-29
Removed Pin From Net: NetName=LCD_HSYNC Pin=CN1-30
Removed Pin From Net: NetName=GND Pin=CN1-32
Removed Pin From Net: NetName=I2C_SDA7 Pin=CN1-33
Removed Pin From Net: NetName=I2C_SCL7 Pin=CN1-34
Removed Pin From Net: NetName=MD_RSTN Pin=CN1-35
Removed Pin From Net: NetName=GPX0_0 Pin=CN1-36
Removed Pin From Net: NetName=CAM5M_RST Pin=CN1-37
Removed Pin From Net: NetName=GND Pin=CN1-38
Removed Pin From Net: NetName=GND Pin=CN1-39
Removed Pin From Net: NetName=GND Pin=CN1-40
Removed Pin From Net: NetName=GND Pin=CN1-41
Removed Pin From Net: NetName=GND Pin=CN1-42
Removed Pin From Net: NetName=XPWMTOUT1 Pin=R51-1
Removed Member From Class: ClassName=P07-LCD Member=C152
Removed Member From Class: ClassName=P07-LCD Member=C153
Removed Member From Class: ClassName=P07-LCD Member=CN1
Removed Member From Class: ClassName=P07-LCD Member=R51
Added Pin To Net: NetName=GND Pin=H10-1
Added Member To Class: ClassName=P02-DC_JACK Member=Component H10 TP_P0_0.8_D0
