Removed Pin From Net: NetName=WIFI_D3 Pin=J40-1
Removed Pin From Net: NetName=WIFI_CMD Pin=J40-2
Removed Pin From Net: NetName=WIFI_D1 Pin=J40-3
Removed Pin From Net: NetName=GND Pin=J40-4
Removed Pin From Net: NetName=WIFI_CLK Pin=J40-5
Removed Pin From Net: NetName=WIFI_D0 Pin=J40-6
Removed Pin From Net: NetName=WIFI_D2 Pin=J40-7
Removed Pin From Net: NetName=XURXD0 Pin=J40-8
Removed Pin From Net: NetName=GND Pin=J40-9
Removed Pin From Net: NetName=XUTXD0 Pin=J40-10
Removed Pin From Net: NetName=GND Pin=J40-11
Removed Pin From Net: NetName=VDD18_A31 Pin=J40-12
Removed Pin From Net: NetName=MD_WAKEUP_AP Pin=J40-13
Removed Pin From Net: NetName=BGF_INT Pin=J40-14
Removed Pin From Net: NetName=W_PMU_EN Pin=J40-16
Removed Pin From Net: NetName=XUCTSN0 Pin=J40-17
Removed Pin From Net: NetName=XURTSN0 Pin=J40-18
Removed Pin From Net: NetName=VDD33_A31 Pin=J40-19
Removed Pin From Net: NetName=VSYS Pin=J40-20
Removed Pin From Net: NetName=VDD1V8_EXT Pin=J41-1
Removed Pin From Net: NetName=BUF_GPS_TXD Pin=J41-2
Removed Pin From Net: NetName=BUF_GPS_RXD Pin=J41-3
Removed Pin From Net: NetName=BUF_GPS_RST Pin=J41-4
Removed Pin From Net: NetName=CHG_FLT Pin=J41-5
Removed Pin From Net: NetName=HOOK_DET Pin=J41-6
Removed Pin From Net: NetName=CHG_UOK Pin=J41-7
Removed Pin From Net: NetName=XEINT14_BAK Pin=J41-8
Removed Pin From Net: NetName=GM_INT1 Pin=J41-9
Removed Pin From Net: NetName=6260_GPIO1 Pin=J41-10
Removed Pin From Net: NetName=GND Pin=J41-11
Removed Pin From Net: NetName=GND Pin=J41-12
Removed Pin From Net: NetName=XEINT29/KP_ROW13/ALV_DBG25 Pin=J41-13
Removed Pin From Net: NetName=CHG_COK Pin=J41-14
Removed Pin From Net: NetName=XUTXD0 Pin=J41-15
Removed Pin From Net: NetName=XURXD0 Pin=J41-16
Removed Pin From Net: NetName=XURTSN0 Pin=J41-17
Removed Pin From Net: NetName=XUCTSN0 Pin=J41-18
Removed Pin From Net: NetName=VDD33_A31 Pin=J41-19
Removed Pin From Net: NetName=VSYS Pin=J41-20
Removed Pin From Net: NetName=GPC1_1 Pin=R27-1
Removed Pin From Net: NetName=WIFI_PWDN Pin=R28-1
Removed Pin From Net: NetName=6260_GPIO2 Pin=R175-1
Removed Pin From Net: NetName=HUB_CONNECT Pin=R175-2
Removed Member From Class: ClassName=P03-UARTs_KEY Member=J41
Change Component Footprint: Designator=C89 Old Footprint=C0603 New Footprint=C0603-S
Change Component Footprint: Designator=C106 Old Footprint=C0603 New Footprint=C0805-S
