Removed Pin From Net: NetName=COMPASS_RDY Pin=J38-1
Removed Pin From Net: NetName=XADCAIN1 Pin=J38-2
Removed Pin From Net: NetName=XADCAIN2 Pin=J38-3
Removed Pin From Net: NetName=GND Pin=J38-4
Removed Pin From Net: NetName=BK_LED Pin=J38-5
Removed Pin From Net: NetName=BUF_I2C_SDA6 Pin=J38-6
Removed Pin From Net: NetName=BUF_I2C_SCL6 Pin=J38-7
Removed Pin From Net: NetName=BUF_GPC1_1 Pin=J38-8
Removed Pin From Net: NetName=GND Pin=J38-9
Removed Pin From Net: NetName=XISPSPIMISO Pin=J38-10
Removed Pin From Net: NetName=DC33V Pin=J38-11
Removed Pin From Net: NetName=DC33_EN Pin=J38-12
Removed Pin From Net: NetName=XURTS1 Pin=J38-13
Removed Pin From Net: NetName=XISPSPIMOSI Pin=J38-14
Removed Pin From Net: NetName=XISPSPICLK Pin=J38-15
Removed Pin From Net: NetName=XUTXD1 Pin=J38-16
Removed Pin From Net: NetName=BUF_XURXD1 Pin=J38-17
Removed Pin From Net: NetName=XEINT1_BAK Pin=J38-18
Removed Pin From Net: NetName=VSYS Pin=J38-19
Removed Pin From Net: NetName=VSYS Pin=J38-20
Removed Member From Class: ClassName=P15-EXP_IO Member=J38
