Removed Pin From Net: NetName=UART_RING Pin=PWRON1-1
Removed Pin From Net: NetName=UART_RING Pin=PWRON1-2
Removed Pin From Net: NetName=GND Pin=PWRON1-3
Removed Pin From Net: NetName=GND Pin=PWRON1-4
Removed Pin From Net: NetName=SIM_DET Pin=PWRON2-1
Removed Pin From Net: NetName=SIM_DET Pin=PWRON2-2
Removed Pin From Net: NetName=GND Pin=PWRON2-3
Removed Pin From Net: NetName=GND Pin=PWRON2-4
Removed Pin From Net: NetName=GYRO_INT Pin=PWRON3-1
Removed Pin From Net: NetName=GYRO_INT Pin=PWRON3-2
Removed Pin From Net: NetName=GND Pin=PWRON3-3
Removed Pin From Net: NetName=GND Pin=PWRON3-4
Removed Pin From Net: NetName=KP_ROW1 Pin=PWRON4-1
Removed Pin From Net: NetName=KP_ROW1 Pin=PWRON4-2
Removed Pin From Net: NetName=GND Pin=PWRON4-3
Removed Pin From Net: NetName=GND Pin=PWRON4-4
Removed Pin From Net: NetName=KP_ROW0 Pin=PWRON5-1
Removed Pin From Net: NetName=KP_ROW0 Pin=PWRON5-2
Removed Pin From Net: NetName=GND Pin=PWRON5-3
Removed Pin From Net: NetName=GND Pin=PWRON5-4
Removed Pin From Net: NetName=VDD1V8_EXT Pin=R14-1
Removed Pin From Net: NetName=UART_RING Pin=R14-2
Removed Pin From Net: NetName=VDD1V8_EXT Pin=R15-1
Removed Pin From Net: NetName=SIM_DET Pin=R15-2
Removed Pin From Net: NetName=VDD1V8_EXT Pin=R16-1
Removed Pin From Net: NetName=GYRO_INT Pin=R16-2
Removed Pin From Net: NetName=VDD1V8_EXT Pin=R17-1
Removed Pin From Net: NetName=KP_ROW1 Pin=R17-2
Removed Pin From Net: NetName=VDD1V8_EXT Pin=R18-1
Removed Pin From Net: NetName=KP_ROW0 Pin=R18-2
Removed Member From Class: ClassName=P03-UARTs_KEY Member=PWRON1
Removed Member From Class: ClassName=P03-UARTs_KEY Member=PWRON2
Removed Member From Class: ClassName=P03-UARTs_KEY Member=PWRON3
Removed Member From Class: ClassName=P03-UARTs_KEY Member=PWRON4
Removed Member From Class: ClassName=P03-UARTs_KEY Member=PWRON5
Removed Member From Class: ClassName=P03-UARTs_KEY Member=R14
Removed Member From Class: ClassName=P03-UARTs_KEY Member=R15
Removed Member From Class: ClassName=P03-UARTs_KEY Member=R16
Removed Member From Class: ClassName=P03-UARTs_KEY Member=R17
Removed Member From Class: ClassName=P03-UARTs_KEY Member=R18
