Added Component: Designator=U5(QFN20)
Added Pin To Net: NetName=LCD_SDA Pin=U5-1
Added Pin To Net: NetName=LCD_SCL Pin=U5-2
Added Pin To Net: NetName=VDD33_LCD Pin=U5-3
Added Pin To Net: NetName=TSC_IRQ Pin=U5-4
Added Pin To Net: NetName=TSC_RST Pin=U5-5
Added Pin To Net: NetName=GND Pin=U5-6
Added Pin To Net: NetName=VDD33_LCD Pin=U5-7
Added Pin To Net: NetName=NetC51_2 Pin=U5-9
Added Pin To Net: NetName=GND Pin=U5-10
Added Pin To Net: NetName=VDD18_CAM Pin=U5-11
Added Pin To Net: NetName=VDD18_CAM Pin=U5-12
Added Pin To Net: NetName=NetC55_2 Pin=U5-13
Added Pin To Net: NetName=NetC54_2 Pin=U5-14
Added Pin To Net: NetName=GND Pin=U5-15
Added Pin To Net: NetName=NetC53_2 Pin=U5-16
Added Pin To Net: NetName=NetC52_2 Pin=U5-17
Added Pin To Net: NetName=GND Pin=U5-18
Added Pin To Net: NetName=VDD33_LCD Pin=U5-20
Added Pin To Net: NetName=GND Pin=U5-21
Added Member To Class: ClassName=P07-LCD Member=Component U5 TSC2004IRTJ
