Removed Pin From Net: NetName=A_LX Pin=U5-15
Removed Pin From Net: NetName=A_LY Pin=U5-16
Removed Pin From Net: NetName=A_RX Pin=U5-18
Removed Pin From Net: NetName=BAT1_ADC Pin=U5-23
Removed Pin From Net: NetName=BAT2_ADC Pin=U5-24
Removed Pin From Net: NetName=KEYSWIN_EU Pin=U5-26
Removed Pin From Net: NetName=KEYSWIN_ED Pin=U5-29
Removed Pin From Net: NetName=KEYSWIN_EL Pin=U5-30
Removed Pin From Net: NetName=KEYSWIN_ER Pin=U5-31
Removed Pin From Net: NetName=KEYSWIN_EM Pin=U5-32
Removed Pin From Net: NetName=A_RY Pin=U5-33
Removed Pin From Net: NetName=KEYSWIN_FU Pin=U5-81
Removed Pin From Net: NetName=KEYSWIN_FD Pin=U5-82
Removed Pin From Net: NetName=KEYSWIN_FL Pin=U5-83
Removed Pin From Net: NetName=KEYSWIN_FR Pin=U5-84
Removed Pin From Net: NetName=KEYSWIN_FM Pin=U5-85
Added Pin To Net: NetName=A_RY Pin=U5-25
Added Pin To Net: NetName=A_RX Pin=U5-26
Added Pin To Net: NetName=KEYSWIN_FU Pin=U5-29
Added Pin To Net: NetName=KEYSWIN_FR Pin=U5-30
Added Pin To Net: NetName=KEYSWIN_FM Pin=U5-31
Added Pin To Net: NetName=KEYSWIN_FL Pin=U5-32
Added Pin To Net: NetName=KEYSWIN_FD Pin=U5-67
