Removed Pin From Net: NetName=BAT1+ Pin=J1-1
Removed Pin From Net: NetName=BAT1+ Pin=J1-2
Removed Pin From Net: NetName=SGND Pin=J1-3
Removed Pin From Net: NetName=SGND Pin=J1-4
Removed Pin From Net: NetName=12V Pin=J1-5
Removed Pin From Net: NetName=12V Pin=J1-6
Removed Pin From Net: NetName=SGND Pin=J1-7
Removed Pin From Net: NetName=SGND Pin=J1-8
Removed Pin From Net: NetName=+7.2V_S Pin=J1-9
Removed Pin From Net: NetName=+7.2V_S Pin=J1-10
Removed Pin From Net: NetName=SGND Pin=J1-11
Removed Pin From Net: NetName=SGND Pin=J1-12
Removed Pin From Net: NetName=RS485_A4 Pin=J1-13
Removed Pin From Net: NetName=RS485_A4 Pin=J1-14
Removed Pin From Net: NetName=RS485_B4 Pin=J1-15
Removed Pin From Net: NetName=RS485_B4 Pin=J1-16
Removed Pin From Net: NetName=SGND Pin=J1-21
Removed Pin From Net: NetName=SGND Pin=J1-22
Removed Pin From Net: NetName=CVBS Pin=J1-23
Removed Pin From Net: NetName=CVBS Pin=J1-24
Removed Pin From Net: NetName=SGND Pin=J1-25
Removed Pin From Net: NetName=SGND Pin=J1-26
Removed Pin From Net: NetName=LINE_IN_L Pin=J1-27
Removed Pin From Net: NetName=LINE_IN_L Pin=J1-28
Removed Member From Class: ClassName=CT310高端控制盒图数传接口电路V1.0 Member=J1
Added Component: Designator=J18(HD2X12S-2.54)
Added Pin To Net: NetName=BAT1+ Pin=J18-1
Added Pin To Net: NetName=BAT1+ Pin=J18-2
Added Pin To Net: NetName=SGND Pin=J18-3
Added Pin To Net: NetName=SGND Pin=J18-4
Added Pin To Net: NetName=12V Pin=J18-5
Added Pin To Net: NetName=12V Pin=J18-6
Added Pin To Net: NetName=SGND Pin=J18-7
Added Pin To Net: NetName=SGND Pin=J18-8
Added Pin To Net: NetName=+7.2V_S Pin=J18-9
Added Pin To Net: NetName=+7.2V_S Pin=J18-10
Added Pin To Net: NetName=SGND Pin=J18-11
Added Pin To Net: NetName=SGND Pin=J18-12
Added Pin To Net: NetName=RS485_A4 Pin=J18-13
Added Pin To Net: NetName=RS485_A4 Pin=J18-14
Added Pin To Net: NetName=RS485_B4 Pin=J18-15
Added Pin To Net: NetName=RS485_B4 Pin=J18-16
Added Pin To Net: NetName=SGND Pin=J18-17
Added Pin To Net: NetName=SGND Pin=J18-18
Added Pin To Net: NetName=CVBS Pin=J18-19
Added Pin To Net: NetName=CVBS Pin=J18-20
Added Pin To Net: NetName=SGND Pin=J18-21
Added Pin To Net: NetName=SGND Pin=J18-22
Added Pin To Net: NetName=LINE_IN_L Pin=J18-23
Added Pin To Net: NetName=LINE_IN_L Pin=J18-24
Added Member To Class: ClassName=CT310高端控制盒图数传接口电路V1.0 Member=Component J18 HD2X12S-2.54
Added Room: Name=CT310高端控制盒图数传接口电路V1.0
