Change Component Footprint: Designator=C8 Old Footprint=CT7343-E New Footprint=C1206
Added Component: Designator=C50(C0805)
Added Component: Designator=C53(C0805)
Added Component: Designator=C56(C0805)
Added Component: Designator=C59(C0805)
Added Component: Designator=R59(R0805)
Added Component: Designator=R65(R0805)
Added Component: Designator=R71(R0805)
Added Component: Designator=R77(R0805)
Added Pin To Net: NetName=KEYSWIN_I1 Pin=C50-1
Added Pin To Net: NetName=KEYSWIN_I1 Pin=C50-1
Added Pin To Net: NetName=SGND Pin=C50-2
Added Pin To Net: NetName=SGND Pin=C50-2
Added Pin To Net: NetName=KEYSWIN_I2 Pin=C53-1
Added Pin To Net: NetName=KEYSWIN_I2 Pin=C53-1
Added Pin To Net: NetName=SGND Pin=C53-2
Added Pin To Net: NetName=SGND Pin=C53-2
Added Pin To Net: NetName=KEYSWIN_J1 Pin=C56-1
Added Pin To Net: NetName=KEYSWIN_J1 Pin=C56-1
Added Pin To Net: NetName=SGND Pin=C56-2
Added Pin To Net: NetName=SGND Pin=C56-2
Added Pin To Net: NetName=KEYSWIN_J2 Pin=C59-1
Added Pin To Net: NetName=KEYSWIN_J2 Pin=C59-1
Added Pin To Net: NetName=SGND Pin=C59-2
Added Pin To Net: NetName=SGND Pin=C59-2
Added Pin To Net: NetName=KEYSWIN_I1 Pin=R59-1
Added Pin To Net: NetName=KEYSWIN_I1 Pin=R59-1
Added Pin To Net: NetName=+3.3V_S Pin=R59-2
Added Pin To Net: NetName=+3.3V_S Pin=R59-2
Added Pin To Net: NetName=KEYSWIN_I2 Pin=R65-1
Added Pin To Net: NetName=KEYSWIN_I2 Pin=R65-1
Added Pin To Net: NetName=+3.3V_S Pin=R65-2
Added Pin To Net: NetName=+3.3V_S Pin=R65-2
Added Pin To Net: NetName=KEYSWIN_J1 Pin=R71-1
Added Pin To Net: NetName=KEYSWIN_J1 Pin=R71-1
Added Pin To Net: NetName=+3.3V_S Pin=R71-2
Added Pin To Net: NetName=+3.3V_S Pin=R71-2
Added Pin To Net: NetName=KEYSWIN_J2 Pin=R77-1
Added Pin To Net: NetName=KEYSWIN_J2 Pin=R77-1
Added Pin To Net: NetName=+3.3V_S Pin=R77-2
Added Pin To Net: NetName=+3.3V_S Pin=R77-2
