Removed Pin From Net: NetName=KEYSWIN_I1 Pin=C8-1
Removed Pin From Net: NetName=SGND Pin=C8-2
Removed Pin From Net: NetName=KEYSWIN_I2 Pin=C53-1
Removed Pin From Net: NetName=SGND Pin=C53-2
Removed Pin From Net: NetName=KEYSWIN_J1 Pin=C68-1
Removed Pin From Net: NetName=SGND Pin=C68-2
Removed Pin From Net: NetName=KEYSWIN_J2 Pin=C70-1
Removed Pin From Net: NetName=SGND Pin=C70-2
Removed Pin From Net: NetName=SGND Pin=J6-5
Removed Pin From Net: NetName=KEYSWIN_I1 Pin=R30-1
Removed Pin From Net: NetName=+3.3V_S Pin=R30-2
Removed Pin From Net: NetName=KEYSWIN_I2 Pin=R35-1
Removed Pin From Net: NetName=+3.3V_S Pin=R35-2
Removed Pin From Net: NetName=KEYSWIN_J1 Pin=R36-1
Removed Pin From Net: NetName=+3.3V_S Pin=R36-2
Removed Pin From Net: NetName=KEYSWIN_J2 Pin=R37-1
Removed Pin From Net: NetName=+3.3V_S Pin=R37-2
Removed Member From Class: ClassName=KeyInput_IJMEF Member=C8
Removed Member From Class: ClassName=KeyInput_IJMEF Member=C53
Removed Member From Class: ClassName=KeyInput_IJMEF Member=C68
Removed Member From Class: ClassName=KeyInput_IJMEF Member=C70
Removed Member From Class: ClassName=KeyInput_IJMEF Member=J6
Removed Member From Class: ClassName=KeyInput_IJMEF Member=R30
Removed Member From Class: ClassName=KeyInput_IJMEF Member=R35
Removed Member From Class: ClassName=KeyInput_IJMEF Member=R36
Removed Member From Class: ClassName=KeyInput_IJMEF Member=R37
