Removed Pin From Net: NetName=+PWR_S Pin=C5-1
Removed Pin From Net: NetName=SGND Pin=C5-2
Removed Pin From Net: NetName=SGND Pin=C18-1
Removed Pin From Net: NetName=BAT1_ADC Pin=C18-2
Removed Pin From Net: NetName=SGND Pin=C19-1
Removed Pin From Net: NetName=BAT2_ADC Pin=C19-2
Removed Pin From Net: NetName=SGND Pin=C22-1
Removed Pin From Net: NetName=BAT1_ADC Pin=C22-2
Removed Pin From Net: NetName=SGND Pin=C23-1
Removed Pin From Net: NetName=BAT2_ADC Pin=C23-2
Removed Pin From Net: NetName=+2.5V_S Pin=C68-1
Removed Pin From Net: NetName=SGND Pin=C68-2
Removed Pin From Net: NetName=+2.5V_S Pin=C70-1
Removed Pin From Net: NetName=SGND Pin=C70-2
Removed Pin From Net: NetName=SGND Pin=C72-2
Removed Pin From Net: NetName=SGND Pin=C73-2
Removed Pin From Net: NetName=SGND Pin=C74-2
Removed Pin From Net: NetName=+PWR_S Pin=D1-2
Removed Pin From Net: NetName=SGND Pin=D2-1
Removed Pin From Net: NetName=+PWR_S Pin=D2-2
Removed Pin From Net: NetName=BAT1_FIN Pin=D3-1
Removed Pin From Net: NetName=BAT1_FIN Pin=D4-1
Removed Pin From Net: NetName=BAT2_FIN Pin=D5-1
Removed Pin From Net: NetName=BAT_IN Pin=D5-2
Removed Pin From Net: NetName=BAT2_FIN Pin=D6-1
Removed Pin From Net: NetName=SGND Pin=D50-1
Removed Pin From Net: NetName=SGND Pin=D51-1
Removed Pin From Net: NetName=SGND Pin=D52-1
Removed Pin From Net: NetName=SGND Pin=D53-1
Removed Pin From Net: NetName=BAT1_FIN Pin=F1-2
Removed Pin From Net: NetName=BAT1_IN Pin=F2-1
Removed Pin From Net: NetName=BAT1_FIN Pin=F2-2
Removed Pin From Net: NetName=BAT2_FIN Pin=F3-2
Removed Pin From Net: NetName=BAT2_IN Pin=F4-1
Removed Pin From Net: NetName=BAT2_FIN Pin=F4-2
Removed Pin From Net: NetName=KEY_IJ1 Pin=J?-1
Removed Pin From Net: NetName=KEY_IJ2 Pin=J?-2
Removed Pin From Net: NetName=KEY_M1 Pin=J?-3
Removed Pin From Net: NetName=KEY_M2 Pin=J?-4
Removed Pin From Net: NetName=SGND Pin=J?-5
Removed Pin From Net: NetName=+PWR_S Pin=P1-3
Removed Pin From Net: NetName=+PWR_S Pin=P1-4
Removed Pin From Net: NetName=KJ_M2 Pin=P6-1
Removed Pin From Net: NetName=KJ_M3 Pin=P6-2
Removed Pin From Net: NetName=KJ_M4 Pin=P6-3
Removed Pin From Net: NetName=KJ_I1 Pin=P6-4
Removed Pin From Net: NetName=KJ_I2 Pin=P6-5
Removed Pin From Net: NetName=KJ_J1 Pin=P6-6
Removed Pin From Net: NetName=KJ_J2 Pin=P6-7
Removed Pin From Net: NetName=SGND Pin=P6-8
Removed Pin From Net: NetName=KJ_G1 Pin=P8-1
Removed Pin From Net: NetName=SGND Pin=P8-2
Removed Pin From Net: NetName=KJ_G2 Pin=P8-3
Removed Pin From Net: NetName=SGND Pin=P8-4
Removed Pin From Net: NetName=LJ_G1 Pin=P8-6
Removed Pin From Net: NetName=LJ_G2 Pin=P8-8
Removed Pin From Net: NetName=SGND Pin=P9-1
Removed Pin From Net: NetName=SGND Pin=P9-3
Removed Pin From Net: NetName=SGND Pin=P9-5
Removed Pin From Net: NetName=+2.5V_S Pin=P9-6
Removed Pin From Net: NetName=SGND Pin=P10-1
Removed Pin From Net: NetName=SGND Pin=P10-3
Removed Pin From Net: NetName=SGND Pin=P10-5
Removed Pin From Net: NetName=+2.5V_S Pin=P10-6
Removed Pin From Net: NetName=+PWR_S Pin=R1-1
Removed Pin From Net: NetName=BAT1_FIN Pin=R9-1
Removed Pin From Net: NetName=BAT1_ADC Pin=R9-2
Removed Pin From Net: NetName=BAT2_FIN Pin=R10-1
Removed Pin From Net: NetName=BAT2_ADC Pin=R10-2
Removed Pin From Net: NetName=BAT1_ADC Pin=R11-1
Removed Pin From Net: NetName=SGND Pin=R11-2
Removed Pin From Net: NetName=BAT2_ADC Pin=R12-1
Removed Pin From Net: NetName=SGND Pin=R12-2
Removed Pin From Net: NetName=OMAP_RS232_RXD1 Pin=R102-2
Removed Pin From Net: NetName=OMAP_RS232_TXD1 Pin=R103-2
Removed Member From Class: ClassName=PowerManager Member=C5
Removed Member From Class: ClassName=PowerManager Member=C18
Removed Member From Class: ClassName=PowerManager Member=C19
Removed Member From Class: ClassName=PowerManager Member=C22
Removed Member From Class: ClassName=PowerManager Member=C23
Removed Member From Class: ClassName=JoyStickAdcInput Member=C68
Removed Member From Class: ClassName=JoyStickAdcInput Member=C70
Removed Member From Class: ClassName=JoyStickAdcInput Member=C71
Removed Member From Class: ClassName=JoyStickAdcInput Member=C72
Removed Member From Class: ClassName=JoyStickAdcInput Member=C73
Removed Member From Class: ClassName=JoyStickAdcInput Member=C74
Removed Member From Class: ClassName=PowerManager Member=D1
Removed Member From Class: ClassName=PowerManager Member=D2
Removed Member From Class: ClassName=PowerManager Member=D3
Removed Member From Class: ClassName=PowerManager Member=D4
Removed Member From Class: ClassName=PowerManager Member=D5
Removed Member From Class: ClassName=PowerManager Member=D6
Removed Member From Class: ClassName=JoyStickAdcInput Member=D50
Removed Member From Class: ClassName=JoyStickAdcInput Member=D51
Removed Member From Class: ClassName=JoyStickAdcInput Member=D52
Removed Member From Class: ClassName=JoyStickAdcInput Member=D53
Removed Member From Class: ClassName=PowerManager Member=F1
Removed Member From Class: ClassName=PowerManager Member=F2
Removed Member From Class: ClassName=PowerManager Member=F3
Removed Member From Class: ClassName=PowerManager Member=F4
Removed Member From Class: ClassName=PowerManager Member=P1
Removed Member From Class: ClassName=KeyInput_ABH Member=P2
Removed Member From Class: ClassName=KeyInput_MG Member=P6
Removed Member From Class: ClassName=KeyInput_MG Member=P8
Removed Member From Class: ClassName=JoyStickAdcInput Member=P9
Removed Member From Class: ClassName=JoyStickAdcInput Member=P10
Removed Member From Class: ClassName=PowerManager Member=R1
Removed Member From Class: ClassName=PowerManager Member=R9
Removed Member From Class: ClassName=PowerManager Member=R10
Removed Member From Class: ClassName=PowerManager Member=R11
Removed Member From Class: ClassName=PowerManager Member=R12
Removed Member From Class: ClassName=KeyInput_MG Member=R83
Change Component DesignItemId : Designator=C5 Old DesignItemId=ELECTRO New DesignItemId=Cap
Change Component DesignItemId : Designator=J? Old DesignItemId=HEADER1X5 New DesignItemId=Header 8
Change Component DesignItemId : Designator=R9 Old DesignItemId=Res1 New DesignItemId=Res
Change Component DesignItemId : Designator=R10 Old DesignItemId=Res1 New DesignItemId=Res
Change Component DesignItemId : Designator=R11 Old DesignItemId=Res1 New DesignItemId=Res
Change Component DesignItemId : Designator=R12 Old DesignItemId=Res1 New DesignItemId=Res
Change Component Footprint: Designator=C18 Old Footprint=C1206 New Footprint=C0603-S
Change Component Footprint: Designator=C5 Old Footprint=CT7343-E New Footprint=C0603-S
Change Component Footprint: Designator=D1 Old Footprint=DO-218AB New Footprint=SMC
Change Component Footprint: Designator=P2 Old Footprint=HDR1X9 New Footprint=ZH1X9WT-1.5
Change Component Footprint: Designator=P3 Old Footprint=HDR1X9 New Footprint=ZH1X9WT-1.5
Change Component Footprint: Designator=R9 Old Footprint=R0805 New Footprint=R0805-S
Change Component Footprint: Designator=R10 Old Footprint=R0805 New Footprint=R0805-S
Change Component Footprint: Designator=R11 Old Footprint=R0805 New Footprint=R0805-S
Change Component Footprint: Designator=R12 Old Footprint=R0805 New Footprint=R0805-S
Change Component Footprint: Designator=J? Old Footprint=ZH1X5LT-1.5 New Footprint=ZH1X8WT-1.5
Change Component Comment : Designator=R11 Old Comment=10K New Comment=2K
Change Component Comment : Designator=R9 Old Comment=100K New Comment=0R
Change Component Comment : Designator=R10 Old Comment=100K New Comment=10K
Change Component Comment : Designator=C5 Old Comment=470uF/50V New Comment=0.1uF
Change Component Comment : Designator=J? Old Comment=HEADER1X5 New Comment=Header 8
Change Component Comment : Designator=P2 Old Comment=KEY_A New Comment=ZH1X9WT-1.5
Change Component Comment : Designator=P3 Old Comment=KEY_A New Comment=ZH1X9WT-1.5
Change Component Comment : Designator=D3 Old Comment=MBRS410LT3 New Comment=ZMM16
Change Component Comment : Designator=D1 Old Comment=SM8S14A New Comment=1.5SMC15A
Change Component Designator: OldDesignator=C71 NewDesignator=C?
Change Component Designator: OldDesignator=D1 NewDesignator=D4
Change Component Designator: OldDesignator=D4 NewDesignator=D1
Change Component Designator: OldDesignator=D6 NewDesignator=D2
Change Component Designator: OldDesignator=F3 NewDesignator=F2
Change Component Designator: OldDesignator=P2 NewDesignator=J?
Change Component Designator: OldDesignator=P3 NewDesignator=J?
Change Component Designator: OldDesignator=R83 NewDesignator=R?
Change Component Designator: OldDesignator=R84 NewDesignator=R?
Change Component Description : Designator=J? Old Description=Header, 9-Pin New Description=Header, 8-Pin
Added Component: Designator=C10(CT7343-E)
Added Component: Designator=C12(C0603-S)
Added Component: Designator=C14(CT7343-E)
Added Component: Designator=C15(C0603-S)
Added Component: Designator=C16(C0603-S)
Added Component: Designator=C17(C0603-S)
Added Component: Designator=C50(C0805)
Added Component: Designator=C53(C0805)
Added Component: Designator=C56(C0805)
Added Component: Designator=C59(C0805)
Added Component: Designator=C67(C0805)
Added Component: Designator=C69(C0805)
Added Component: Designator=C?(C0805)
Added Component: Designator=C?(C0805)
Added Component: Designator=C?(C0805)
Added Component: Designator=J?(ZH1X5WT-1.5)
Added Component: Designator=J?(ZH1X5WT-1.5)
Added Component: Designator=J?(ZH1X5LT-1.5)
Added Component: Designator=J?(ZH1X4WT-1.5)
Added Component: Designator=J?(ZH1X4WT-1.5)
Added Component: Designator=K1(G6K-2F-Y)
Added Component: Designator=Q3(SOT-23)
Added Component: Designator=Q5(SOT-23)
Added Component: Designator=R18(R1206-S)
Added Component: Designator=R19(R1206-S)
Added Component: Designator=R20(R0805-S)
Added Component: Designator=R21(R0805-S)
Added Component: Designator=R22(R0805-S)
Added Component: Designator=R27(R0805-S)
Added Component: Designator=R28(R0805-S)
Added Component: Designator=R59(R0805)
Added Component: Designator=R65(R0805)
Added Component: Designator=R71(R0805)
Added Component: Designator=R77(R0805)
Added Component: Designator=R?(R0805)
Added Component: Designator=R?(R0805)
Added Component: Designator=R?(R0805)
Added Component: Designator=R?(R0805)
Added Pin To Net: NetName=SGND Pin=C5-1
Added Pin To Net: NetName=SGND Pin=C10-2
Added Pin To Net: NetName=SGND Pin=C12-1
Added Pin To Net: NetName=SGND Pin=C14-2
Added Pin To Net: NetName=BAT1_ADC Pin=C15-1
Added Pin To Net: NetName=SGND Pin=C15-2
Added Pin To Net: NetName=BAT2_ADC Pin=C16-1
Added Pin To Net: NetName=SGND Pin=C16-2
Added Pin To Net: NetName=BAT1_ADC Pin=C17-1
Added Pin To Net: NetName=SGND Pin=C17-2
Added Pin To Net: NetName=BAT2_ADC Pin=C18-1
Added Pin To Net: NetName=SGND Pin=C18-2
Added Pin To Net: NetName=KJ_I1 Pin=C50-1
Added Pin To Net: NetName=SGND Pin=C50-2
Added Pin To Net: NetName=KJ_I2 Pin=C53-1
Added Pin To Net: NetName=SGND Pin=C53-2
Added Pin To Net: NetName=KJ_J1 Pin=C56-1
Added Pin To Net: NetName=SGND Pin=C56-2
Added Pin To Net: NetName=KJ_J2 Pin=C59-1
Added Pin To Net: NetName=SGND Pin=C59-2
Added Pin To Net: NetName=+2.5V_S Pin=C67-1
Added Pin To Net: NetName=SGND Pin=C67-2
Added Pin To Net: NetName=+2.5V_S Pin=C69-1
Added Pin To Net: NetName=SGND Pin=C69-2
Added Pin To Net: NetName=SGND Pin=C?-2
Added Pin To Net: NetName=SGND Pin=C?-2
Added Pin To Net: NetName=SGND Pin=C?-2
Added Pin To Net: NetName=+2.5V_S Pin=J?-1
Added Pin To Net: NetName=+2.5V_S Pin=J?-1
Added Pin To Net: NetName=KEY_IJ1 Pin=J?-1
Added Pin To Net: NetName=KJ_G1 Pin=J?-1
Added Pin To Net: NetName=SGND Pin=J?-1
Added Pin To Net: NetName=SGND Pin=J?-1
Added Pin To Net: NetName=KEY_IJ2 Pin=J?-2
Added Pin To Net: NetName=KJ_M4 Pin=J?-2
Added Pin To Net: NetName=SGND Pin=J?-2
Added Pin To Net: NetName=GND Pin=J?-3
Added Pin To Net: NetName=GND Pin=J?-3
Added Pin To Net: NetName=KEY_M1 Pin=J?-3
Added Pin To Net: NetName=KJ_G2 Pin=J?-3
Added Pin To Net: NetName=KJ_M2 Pin=J?-3
Added Pin To Net: NetName=KJ_M3 Pin=J?-3
Added Pin To Net: NetName=KEY_M2 Pin=J?-4
Added Pin To Net: NetName=KJ_I2 Pin=J?-4
Added Pin To Net: NetName=KJ_J2 Pin=J?-4
Added Pin To Net: NetName=SGND Pin=J?-4
Added Pin To Net: NetName=BAT2_FIN Pin=K1-3
Added Pin To Net: NetName=BAT1_FIN Pin=K1-6
Added Pin To Net: NetName=SGND Pin=Q3-2
Added Pin To Net: NetName=SGND Pin=Q5-2
Added Pin To Net: NetName=BAT_IN Pin=R9-2
Added Pin To Net: NetName=SGND Pin=R11-1
Added Pin To Net: NetName=BAT_IN Pin=R12-1
Added Pin To Net: NetName=SGND Pin=R19-1
Added Pin To Net: NetName=BAT1_ADC Pin=R21-2
Added Pin To Net: NetName=BAT2_ADC Pin=R22-2
Added Pin To Net: NetName=SGND Pin=R27-1
Added Pin To Net: NetName=BAT1_ADC Pin=R27-2
Added Pin To Net: NetName=SGND Pin=R28-1
Added Pin To Net: NetName=BAT2_ADC Pin=R28-2
Added Pin To Net: NetName=KJ_I1 Pin=R59-1
Added Pin To Net: NetName=+3.3V_S Pin=R59-2
Added Pin To Net: NetName=KJ_I2 Pin=R65-1
Added Pin To Net: NetName=+3.3V_S Pin=R65-2
Added Pin To Net: NetName=KJ_J1 Pin=R71-1
Added Pin To Net: NetName=+3.3V_S Pin=R71-2
Added Pin To Net: NetName=KJ_J2 Pin=R77-1
Added Pin To Net: NetName=+3.3V_S Pin=R77-2
Change Net Name : Old Net Name=KJ_G1 New Net Name=KEYSWIN_G1
Change Net Name : Old Net Name=KJ_G2 New Net Name=KEYSWIN_G2
Change Net Name : Old Net Name=KJ_I1 New Net Name=KEYSWIN_I1
Change Net Name : Old Net Name=KJ_I2 New Net Name=KEYSWIN_I2
Change Net Name : Old Net Name=KJ_J1 New Net Name=KEYSWIN_J1
Change Net Name : Old Net Name=KJ_J2 New Net Name=KEYSWIN_J2
Change Net Name : Old Net Name=KJ_M2 New Net Name=KEYSWIN_M2
Change Net Name : Old Net Name=KJ_M3 New Net Name=KEYSWIN_M3
Change Net Name : Old Net Name=KJ_M4 New Net Name=KEYSWIN_M4
Added Pin To Net: NetName=12V Pin=C10-1
Added Pin To Net: NetName=12V Pin=C14-1
Added Pin To Net: NetName=12V Pin=D4-2
Added Pin To Net: NetName=12V Pin=K1-1
Added Pin To Net: NetName=12V Pin=P1-3
Added Pin To Net: NetName=12V Pin=P1-4
Added Pin To Net: NetName=12V Pin=R1-1
Added Net: Name=12V
Added Pin To Net: NetName=GND_P Pin=K1-8
Added Net: Name=GND_P
Added Pin To Net: NetName=JOYSTICK_LEFTX Pin=C?-1
Added Pin To Net: NetName=JOYSTICK_LEFTX Pin=R?-1
Added Pin To Net: NetName=JOYSTICK_LEFTX Pin=U5-16
Added Net: Name=JOYSTICK_LEFTX
Added Pin To Net: NetName=JOYSTICK_LEFTY Pin=C?-1
Added Pin To Net: NetName=JOYSTICK_LEFTY Pin=R?-1
Added Pin To Net: NetName=JOYSTICK_LEFTY Pin=U5-17
Added Net: Name=JOYSTICK_LEFTY
Added Pin To Net: NetName=JOYSTICK_RIGHTX Pin=C?-1
Added Pin To Net: NetName=JOYSTICK_RIGHTX Pin=R?-1
Added Pin To Net: NetName=JOYSTICK_RIGHTX Pin=U5-26
Added Net: Name=JOYSTICK_RIGHTX
Added Pin To Net: NetName=JOYSTICK_RIGHTY Pin=C?-1
Added Pin To Net: NetName=JOYSTICK_RIGHTY Pin=R?-1
Added Pin To Net: NetName=JOYSTICK_RIGHTY Pin=U5-25
Added Net: Name=JOYSTICK_RIGHTY
Added Pin To Net: NetName=NetC12_2 Pin=C12-2
Added Pin To Net: NetName=NetC12_2 Pin=Q5-1
Added Pin To Net: NetName=NetC12_2 Pin=R20-2
Added Net: Name=NetC12_2
Added Pin To Net: NetName=NetD1_1 Pin=D1-1
Added Pin To Net: NetName=NetD1_1 Pin=F1-2
Added Net: Name=NetD1_1
Added Pin To Net: NetName=NetD2_1 Pin=D2-1
Added Pin To Net: NetName=NetD2_1 Pin=F2-2
Added Net: Name=NetD2_1
Added Pin To Net: NetName=NetD3_1 Pin=D3-1
Added Pin To Net: NetName=NetD3_1 Pin=Q3-3
Added Pin To Net: NetName=NetD3_1 Pin=Q5-3
Added Pin To Net: NetName=NetD3_1 Pin=R12-2
Added Pin To Net: NetName=NetD3_1 Pin=R18-2
Added Net: Name=NetD3_1
Added Pin To Net: NetName=NetJ?_2 Pin=J?-2
Added Pin To Net: NetName=NetJ?_2 Pin=R?-2
Added Net: Name=NetJ?_2
Added Pin To Net: NetName=NetJ?_4 Pin=J?-4
Added Pin To Net: NetName=NetJ?_4 Pin=R?-2
Added Net: Name=NetJ?_4
Added Pin To Net: NetName=NetJ?_5 Pin=R?-2
Added Net: Name=NetJ?_5
Added Pin To Net: NetName=NetJ?_7 Pin=R?-2
Added Net: Name=NetJ?_7
Added Pin To Net: NetName=NetK1_4 Pin=K1-4
Added Pin To Net: NetName=NetK1_4 Pin=R22-1
Added Net: Name=NetK1_4
Added Pin To Net: NetName=NetK1_5 Pin=K1-5
Added Pin To Net: NetName=NetK1_5 Pin=R21-1
Added Net: Name=NetK1_5
Added Pin To Net: NetName=POWERCNT Pin=R20-1
Added Net: Name=POWERCNT
Added Pin To Net: NetName=RS232_RXD1 Pin=R102-2
Added Net: Name=RS232_RXD1
Added Pin To Net: NetName=RS232_TXD1 Pin=R103-2
Added Net: Name=RS232_TXD1
Added Pin To Net: NetName=SW+ Pin=R9-1
Added Pin To Net: NetName=SW+ Pin=R18-1
Added Net: Name=SW+
Added Pin To Net: NetName=SW- Pin=R10-1
Added Pin To Net: NetName=SW- Pin=R19-2
Added Net: Name=SW-
Added Pin To Net: NetName=SWADC Pin=C5-2
Added Pin To Net: NetName=SWADC Pin=Q3-1
Added Pin To Net: NetName=SWADC Pin=R10-2
Added Pin To Net: NetName=SWADC Pin=R11-2
Added Net: Name=SWADC
Change Class Name : Old Net Name=PowerManager New Net Name=PowerConvert
Added Class: Name=PowerManager
Added Member To Class: ClassName=KeyInput_MG Member=Component C50 100pF
Added Member To Class: ClassName=KeyInput_MG Member=Component C53 100pF
Added Member To Class: ClassName=KeyInput_MG Member=Component C56 100pF
Added Member To Class: ClassName=KeyInput_MG Member=Component C59 100pF
Added Member To Class: ClassName=JoyStickAdcInput Member=Component C? 100pF
Added Member To Class: ClassName=JoyStickAdcInput Member=Component J? ZH1X4WT-1.5
Added Member To Class: ClassName=KeyInput_MG Member=Component J? HEADER1X5
Added Member To Class: ClassName=KeyInput_MG Member=Component R59 4.7K
Added Member To Class: ClassName=KeyInput_MG Member=Component R65 4.7K
Added Member To Class: ClassName=KeyInput_MG Member=Component R71 4.7K
Added Member To Class: ClassName=KeyInput_MG Member=Component R77 4.7K
Added Member To Class: ClassName=JoyStickAdcInput Member=Component R? 10R
