Removed Pin From Net: NetName=SGND Pin=D10-1
Removed Pin From Net: NetName=SGND Pin=D11-1
Removed Pin From Net: NetName=SGND Pin=D12-1
Removed Pin From Net: NetName=SGND Pin=D13-1
Removed Pin From Net: NetName=SGND Pin=D14-1
Removed Pin From Net: NetName=SGND Pin=D15-1
Removed Pin From Net: NetName=KJ_A1 Pin=D15-2
Removed Pin From Net: NetName=SGND Pin=D16-1
Removed Pin From Net: NetName=KJ_A5 Pin=D16-2
Removed Pin From Net: NetName=SGND Pin=D17-1
Removed Pin From Net: NetName=KJ_B1 Pin=D17-2
Removed Pin From Net: NetName=SGND Pin=D18-1
Removed Pin From Net: NetName=KJ_B5 Pin=D18-2
Removed Pin From Net: NetName=SGND Pin=D19-1
Removed Pin From Net: NetName=KJ_A2 Pin=D19-2
Removed Pin From Net: NetName=SGND Pin=D20-1
Removed Pin From Net: NetName=KJ_A6 Pin=D20-2
Removed Pin From Net: NetName=SGND Pin=D21-1
Removed Pin From Net: NetName=KJ_B2 Pin=D21-2
Removed Pin From Net: NetName=SGND Pin=D22-1
Removed Pin From Net: NetName=KJ_B6 Pin=D22-2
Removed Pin From Net: NetName=SGND Pin=D23-1
Removed Pin From Net: NetName=KJ_A3 Pin=D23-2
Removed Pin From Net: NetName=SGND Pin=D24-1
Removed Pin From Net: NetName=KJ_A7 Pin=D24-2
Removed Pin From Net: NetName=SGND Pin=D25-1
Removed Pin From Net: NetName=KJ_B3 Pin=D25-2
Removed Pin From Net: NetName=SGND Pin=D26-1
Removed Pin From Net: NetName=KJ_B7 Pin=D26-2
Removed Pin From Net: NetName=SGND Pin=D27-1
Removed Pin From Net: NetName=KJ_A4 Pin=D27-2
Removed Pin From Net: NetName=SGND Pin=D28-1
Removed Pin From Net: NetName=KJ_A8 Pin=D28-2
Removed Pin From Net: NetName=SGND Pin=D29-1
Removed Pin From Net: NetName=KJ_B4 Pin=D29-2
Removed Pin From Net: NetName=SGND Pin=D30-1
Removed Pin From Net: NetName=KJ_B8 Pin=D30-2
Removed Pin From Net: NetName=KEYSWIN_H1 Pin=R18-1
Removed Pin From Net: NetName=KEYSWIN_H2 Pin=R19-1
Removed Pin From Net: NetName=KEYSWIN_H3 Pin=R20-1
Removed Pin From Net: NetName=KEYSWIN_H4 Pin=R21-1
Removed Pin From Net: NetName=KEYSWIN_H5 Pin=R22-1
Removed Pin From Net: NetName=KJ_A1 Pin=R27-2
Removed Pin From Net: NetName=KJ_A5 Pin=R28-2
Removed Pin From Net: NetName=KJ_B1 Pin=R29-2
Removed Pin From Net: NetName=KJ_B5 Pin=R30-2
Removed Pin From Net: NetName=KJ_A2 Pin=R35-2
Removed Pin From Net: NetName=KJ_A6 Pin=R36-2
Removed Pin From Net: NetName=KJ_B2 Pin=R37-2
Removed Pin From Net: NetName=KJ_B6 Pin=R38-2
Removed Pin From Net: NetName=KJ_A3 Pin=R43-2
Removed Pin From Net: NetName=KJ_A7 Pin=R44-2
Removed Pin From Net: NetName=KJ_B3 Pin=R45-2
Removed Pin From Net: NetName=KJ_B7 Pin=R46-2
Removed Pin From Net: NetName=KJ_A4 Pin=R51-2
Removed Pin From Net: NetName=KJ_A8 Pin=R52-2
Removed Pin From Net: NetName=KJ_B4 Pin=R53-2
Removed Pin From Net: NetName=KJ_B8 Pin=R54-2
Removed Member From Class: ClassName=KeyInput_ABH Member=D10
Removed Member From Class: ClassName=KeyInput_ABH Member=D11
Removed Member From Class: ClassName=KeyInput_ABH Member=D12
Removed Member From Class: ClassName=KeyInput_ABH Member=D13
Removed Member From Class: ClassName=KeyInput_ABH Member=D14
Removed Member From Class: ClassName=KeyInput_ABH Member=D15
Removed Member From Class: ClassName=KeyInput_ABH Member=D16
Removed Member From Class: ClassName=KeyInput_ABH Member=D17
Removed Member From Class: ClassName=KeyInput_ABH Member=D18
Removed Member From Class: ClassName=KeyInput_ABH Member=D19
Removed Member From Class: ClassName=KeyInput_ABH Member=D20
Removed Member From Class: ClassName=KeyInput_ABH Member=D21
Removed Member From Class: ClassName=KeyInput_ABH Member=D22
Removed Member From Class: ClassName=KeyInput_ABH Member=D23
Removed Member From Class: ClassName=KeyInput_ABH Member=D24
Removed Member From Class: ClassName=KeyInput_ABH Member=D25
Removed Member From Class: ClassName=KeyInput_ABH Member=D26
Removed Member From Class: ClassName=KeyInput_ABH Member=D27
Removed Member From Class: ClassName=KeyInput_ABH Member=D28
Removed Member From Class: ClassName=KeyInput_ABH Member=D29
Removed Member From Class: ClassName=KeyInput_ABH Member=D30
Removed Member From Class: ClassName=KeyInput_ABH Member=R18
Removed Member From Class: ClassName=KeyInput_ABH Member=R19
Removed Member From Class: ClassName=KeyInput_ABH Member=R20
Removed Member From Class: ClassName=KeyInput_ABH Member=R21
Removed Member From Class: ClassName=KeyInput_ABH Member=R22
Removed Member From Class: ClassName=KeyInput_ABH Member=R27
Removed Member From Class: ClassName=KeyInput_ABH Member=R28
Removed Member From Class: ClassName=KeyInput_ABH Member=R29
Removed Member From Class: ClassName=KeyInput_ABH Member=R30
Removed Member From Class: ClassName=KeyInput_ABH Member=R35
Removed Member From Class: ClassName=KeyInput_ABH Member=R36
Removed Member From Class: ClassName=KeyInput_ABH Member=R37
Removed Member From Class: ClassName=KeyInput_ABH Member=R38
Removed Member From Class: ClassName=KeyInput_ABH Member=R43
Removed Member From Class: ClassName=KeyInput_ABH Member=R44
Removed Member From Class: ClassName=KeyInput_ABH Member=R45
Removed Member From Class: ClassName=KeyInput_ABH Member=R46
Removed Member From Class: ClassName=KeyInput_ABH Member=R51
Removed Member From Class: ClassName=KeyInput_ABH Member=R52
Removed Member From Class: ClassName=KeyInput_ABH Member=R53
Removed Member From Class: ClassName=KeyInput_ABH Member=R54
Added Pin To Net: NetName=KJ_A1 Pin=C32-1
Added Pin To Net: NetName=KJ_A5 Pin=C33-1
Added Pin To Net: NetName=KJ_B1 Pin=C34-1
Added Pin To Net: NetName=KJ_B5 Pin=C35-1
Added Pin To Net: NetName=KJ_A2 Pin=C36-1
Added Pin To Net: NetName=KJ_A6 Pin=C37-1
Added Pin To Net: NetName=KJ_B2 Pin=C38-1
Added Pin To Net: NetName=KJ_B6 Pin=C39-1
Added Pin To Net: NetName=KJ_A3 Pin=C40-1
Added Pin To Net: NetName=KJ_A7 Pin=C41-1
Added Pin To Net: NetName=KJ_B3 Pin=C42-1
Added Pin To Net: NetName=KJ_B7 Pin=C43-1
Added Pin To Net: NetName=KJ_A4 Pin=C44-1
Added Pin To Net: NetName=KJ_A8 Pin=C45-1
Added Pin To Net: NetName=KJ_B4 Pin=C46-1
Added Pin To Net: NetName=KJ_B8 Pin=C47-1
Added Pin To Net: NetName=KEYSWIN_H1 Pin=K_H1-2
Added Pin To Net: NetName=KEYSWIN_H1 Pin=K_H1-2
Added Pin To Net: NetName=KEYSWIN_H2 Pin=K_H2-2
Added Pin To Net: NetName=KEYSWIN_H2 Pin=K_H2-2
Added Pin To Net: NetName=KEYSWIN_H3 Pin=K_H3-2
Added Pin To Net: NetName=KEYSWIN_H3 Pin=K_H3-2
Added Pin To Net: NetName=KEYSWIN_H4 Pin=K_H4-2
Added Pin To Net: NetName=KEYSWIN_H4 Pin=K_H4-2
Added Pin To Net: NetName=KEYSWIN_H5 Pin=K_H5-2
Added Pin To Net: NetName=KEYSWIN_H5 Pin=K_H5-2
Added Pin To Net: NetName=KEYSWIN_H1 Pin=R13-1
Added Pin To Net: NetName=KEYSWIN_H2 Pin=R14-1
Added Pin To Net: NetName=KEYSWIN_H3 Pin=R15-1
Added Pin To Net: NetName=KEYSWIN_H4 Pin=R16-1
Added Pin To Net: NetName=KEYSWIN_H5 Pin=R17-1
Added Pin To Net: NetName=KJ_B1 Pin=U5-41
Added Pin To Net: NetName=KJ_B2 Pin=U5-42
Added Pin To Net: NetName=KJ_B3 Pin=U5-43
Added Pin To Net: NetName=KJ_B4 Pin=U5-44
Added Pin To Net: NetName=KJ_B5 Pin=U5-45
Added Pin To Net: NetName=KJ_B6 Pin=U5-46
Added Pin To Net: NetName=KJ_B7 Pin=U5-47
Added Pin To Net: NetName=KJ_B8 Pin=U5-48
Added Pin To Net: NetName=KJ_A8 Pin=U5-84
Added Pin To Net: NetName=KJ_A7 Pin=U5-85
Added Pin To Net: NetName=KJ_A6 Pin=U5-88
Added Pin To Net: NetName=KJ_A5 Pin=U5-91
Added Pin To Net: NetName=KJ_A4 Pin=U5-92
Added Pin To Net: NetName=KJ_A3 Pin=U5-93
Added Pin To Net: NetName=KJ_A2 Pin=U5-95
Added Pin To Net: NetName=KJ_A1 Pin=U5-96
