Removed Pin From Net: NetName=VSYS_LCD_3.3V Pin=J4-1
Removed Pin From Net: NetName=VSYS_LCD_3.3V Pin=J4-2
Removed Pin From Net: NetName=GND Pin=J4-3
Removed Pin From Net: NetName=GND Pin=J4-4
Removed Pin From Net: NetName=RXIN0- Pin=J4-5
Removed Pin From Net: NetName=RXIN0+ Pin=J4-6
Removed Pin From Net: NetName=GND Pin=J4-7
Removed Pin From Net: NetName=RXIN1- Pin=J4-8
Removed Pin From Net: NetName=RXIN1+ Pin=J4-9
Removed Pin From Net: NetName=GND Pin=J4-10
Removed Pin From Net: NetName=RXIN2- Pin=J4-11
Removed Pin From Net: NetName=RXIN2+ Pin=J4-12
Removed Pin From Net: NetName=GND Pin=J4-13
Removed Pin From Net: NetName=RXCLK- Pin=J4-14
Removed Pin From Net: NetName=RXCLK+ Pin=J4-15
Removed Pin From Net: NetName=GND Pin=J4-16
Added Pin To Net: NetName=GND Pin=J4-5
Added Pin To Net: NetName=RXCLK+ Pin=J4-6
Added Pin To Net: NetName=RXCLK- Pin=J4-7
Added Pin To Net: NetName=GND Pin=J4-8
Added Pin To Net: NetName=RXIN2+ Pin=J4-9
Added Pin To Net: NetName=RXIN2- Pin=J4-10
Added Pin To Net: NetName=GND Pin=J4-11
Added Pin To Net: NetName=RXIN1+ Pin=J4-12
Added Pin To Net: NetName=RXIN1- Pin=J4-13
Added Pin To Net: NetName=GND Pin=J4-14
Added Pin To Net: NetName=RXIN0+ Pin=J4-15
Added Pin To Net: NetName=RXIN0- Pin=J4-16
Added Pin To Net: NetName=GND Pin=J4-17
Added Pin To Net: NetName=GND Pin=J4-18
Added Pin To Net: NetName=VSYS_LCD_3.3V Pin=J4-19
Added Pin To Net: NetName=VSYS_LCD_3.3V Pin=J4-20
