Removed Pin From Net: NetName=VDD_ETHNET_1.8 Pin=J2-9
Removed Pin From Net: NetName=VDD_ETHNET_1.8 Pin=J2-10
Removed Pin From Net: NetName=DC33V Pin=J2-11
Removed Pin From Net: NetName=DC33V Pin=J2-12
Removed Pin From Net: NetName=LINK&ACT Pin=J2-13
Removed Pin From Net: NetName=LINK&ACT Pin=J2-14
Removed Pin From Net: NetName=SPEED Pin=J2-15
Removed Pin From Net: NetName=SPEED Pin=J2-16
Removed Pin From Net: NetName=XOM2 Pin=SW2-1
Removed Pin From Net: NetName=XOM3 Pin=SW2-2
Removed Pin From Net: NetName=AP_SLEEP Pin=SW2-3
Removed Pin From Net: NetName=XEINT6 Pin=SW2-4
Removed Pin From Net: NetName=VDD1V8_EXT Pin=SW2-5
Removed Pin From Net: NetName=VDD1V8_EXT Pin=SW2-6
Removed Pin From Net: NetName=VDD1V8_EXT Pin=SW2-7
Removed Pin From Net: NetName=VDD1V8_EXT Pin=SW2-8
Removed Member From Class: ClassName=P15-EXP_IO Member=SW2
Change Component Footprint: Designator=J5 Old Footprint=DF13-6P-1.25V New Footprint=ZH1X6WT-1.5
Change Component Footprint: Designator=J4 Old Footprint=DF19G-20P New Footprint=DF19G-20P-1H
Change Component Comment : Designator=J5 Old Comment=DF13-6P-1.25V New Comment=ZH1X6WT-1.5
Change Component Comment : Designator=J4 Old Comment=Header 20 New Comment=DF19G-20P-1H
Added Component: Designator=R53(R0603-S)
Added Component: Designator=R54(R0603-S)
Added Component: Designator=R55(R0603-S)
Added Component: Designator=R56(R0603-S)
Added Pin To Net: NetName=XUOTGDP Pin=J2-9
Added Pin To Net: NetName=XUOTGDP Pin=J2-10
Added Pin To Net: NetName=XUOTGDM Pin=J2-11
Added Pin To Net: NetName=XUOTGDM Pin=J2-12
Added Pin To Net: NetName=XUOTGVBUS Pin=J2-13
Added Pin To Net: NetName=XUOTGVBUS Pin=J2-14
Added Pin To Net: NetName=XUOTGID Pin=J2-15
Added Pin To Net: NetName=XUOTGID Pin=J2-16
Added Pin To Net: NetName=VDD1V8_EXT Pin=R53-1
Added Pin To Net: NetName=XOM2 Pin=R53-2
Added Pin To Net: NetName=VDD1V8_EXT Pin=R54-1
Added Pin To Net: NetName=XOM3 Pin=R54-2
Added Pin To Net: NetName=VDD1V8_EXT Pin=R55-1
Added Pin To Net: NetName=AP_SLEEP Pin=R55-2
Added Pin To Net: NetName=VDD1V8_EXT Pin=R56-1
Added Pin To Net: NetName=XEINT6 Pin=R56-2
Added Member To Class: ClassName=P15-EXP_IO Member=Component R53 0R/NC
Added Member To Class: ClassName=P15-EXP_IO Member=Component R54 0R
Added Member To Class: ClassName=P15-EXP_IO Member=Component R55 0R/NC
Added Member To Class: ClassName=P15-EXP_IO Member=Component R56 0R
